0 info it worked if it ends with ok
1 verbose cli [
1 verbose cli   'C:\\Program Files\\nodejs\\node.exe',
1 verbose cli   'C:\\Program Files\\nodejs\\node_modules\\npm\\bin\\npm-cli.js',
1 verbose cli   'run',
1 verbose cli   'eslint',
1 verbose cli   "--ext['js','ts','tsx']",
1 verbose cli   "--ignore-pattern['src/**/*']",
1 verbose cli   '--cache',
1 verbose cli   '--fix'
1 verbose cli ]
2 info using npm@6.14.8
3 info using node@v12.19.0
4 verbose run-script [ 'preeslint', 'eslint', 'posteslint' ]
5 info lifecycle my-app@0.0.1~preeslint: my-app@0.0.1
6 info lifecycle my-app@0.0.1~eslint: my-app@0.0.1
7 verbose lifecycle my-app@0.0.1~eslint: unsafe-perm in lifecycle true
8 verbose lifecycle my-app@0.0.1~eslint: PATH: C:\Program Files\nodejs\node_modules\npm\node_modules\npm-lifecycle\node-gyp-bin;C:\kor_repos\react-typescript-eslint-webpack\node_modules\.bin;C:\Program Files\nodejs\node_modules\npm\node_modules\npm-lifecycle\node-gyp-bin;C:\kor_repos\react-typescript-eslint-webpack\node_modules\.bin;C:\Program Files\nodejs\node_modules\npm\node_modules\npm-lifecycle\node-gyp-bin;C:\kor_repos\react-typescript-eslint-webpack\node_modules\.bin;C:\WINDOWS\system32;C:\WINDOWS;C:\WINDOWS\System32\Wbem;C:\WINDOWS\System32\WindowsPowerShell\v1.0\;C:\WINDOWS\System32\OpenSSH\;C:\Program Files\Docker\Docker\resources\bin;C:\ProgramData\DockerDesktop\version-bin;C:\Program Files\Git\cmd;C:\Program Files\nodejs\;C:\Program Files\PuTTY\;C:\Users\korin\AppData\Local\Microsoft\WindowsApps;;C:\Program Files\JetBrains\WebStorm 2020.2.3\bin;;C:\Program Files\JetBrains\PyCharm Community Edition 2020.2.3\bin;;C:\Users\korin\AppData\Local\Programs\Microsoft VS Code\bin;C:\Program Files\JetBrains\IntelliJ IDEA 2021.1.3\bin;;C:\Users\korin\AppData\Roaming\npm
9 verbose lifecycle my-app@0.0.1~eslint: CWD: C:\kor_repos\react-typescript-eslint-webpack
10 silly lifecycle my-app@0.0.1~eslint: Args: [
10 silly lifecycle   '/d /s /c',
10 silly lifecycle   "npm run eslint --ext['js','ts','tsx'] --ignore-pattern['src/**/*'] --cache --fix"
10 silly lifecycle ]
11 silly lifecycle my-app@0.0.1~eslint: Returned: code: 1  signal: null
12 info lifecycle my-app@0.0.1~eslint: Failed to exec eslint script
13 verbose stack Error: my-app@0.0.1 eslint: `npm run eslint --ext['js','ts','tsx'] --ignore-pattern['src/**/*'] --cache --fix`
13 verbose stack Exit status 1
13 verbose stack     at EventEmitter.<anonymous> (C:\Program Files\nodejs\node_modules\npm\node_modules\npm-lifecycle\index.js:332:16)
13 verbose stack     at EventEmitter.emit (events.js:314:20)
13 verbose stack     at ChildProcess.<anonymous> (C:\Program Files\nodejs\node_modules\npm\node_modules\npm-lifecycle\lib\spawn.js:55:14)
13 verbose stack     at ChildProcess.emit (events.js:314:20)
13 verbose stack     at maybeClose (internal/child_process.js:1021:16)
13 verbose stack     at Process.ChildProcess._handle.onexit (internal/child_process.js:286:5)
14 verbose pkgid my-app@0.0.1
15 verbose cwd C:\kor_repos\react-typescript-eslint-webpack
16 verbose Windows_NT 10.0.22000
17 verbose argv "C:\\Program Files\\nodejs\\node.exe" "C:\\Program Files\\nodejs\\node_modules\\npm\\bin\\npm-cli.js" "run" "eslint" "--ext['js','ts','tsx']" "--ignore-pattern['src/**/*']" "--cache" "--fix"
18 verbose node v12.19.0
19 verbose npm  v6.14.8
20 error code ELIFECYCLE
21 error errno 1
22 error my-app@0.0.1 eslint: `npm run eslint --ext['js','ts','tsx'] --ignore-pattern['src/**/*'] --cache --fix`
22 error Exit status 1
23 error Failed at the my-app@0.0.1 eslint script.
23 error This is probably not a problem with npm. There is likely additional logging output above.
24 verbose exit [ 1, true ]
